Build started 5/1/2013 10:36:34 AM.
     1>Project "E:\FSC\S13\BCS 230\Homeworks\Programs\5new\5new\5new.vcxproj" on node 2 (build target(s)).
     1>InitializeBuildStatus:
         Creating "Debug\5new.unsuccessfulbuild" because "AlwaysCreate" was specified.
       ClCompile:
         All outputs are up-to-date.
         c:\Program Files (x86)\Microsoft Visual Studio 10.0\VC\bin\CL.exe /c /I"E:\FSC\S13\BCS 230\Homeworks\Programs\Car\Car" /ZI /nologo /W3 /WX- /Od /Oy- /D WIN32 /D _DEBUG /D _CONSOLE /D _UNICODE /D UNICODE /Gm /EHsc /RTC1 /MDd /GS /fp:precise /Zc:wchar_t /Zc:forScope /Yu"StdAfx.h" /Fp"Debug\5new.pch" /Fo"Debug\\" /Fd"Debug\vc100.pdb" /Gd /TP /analyze- /errorReport:prompt Main.cpp
         Main.cpp
       ManifestResourceCompile:
         All outputs are up-to-date.
       Link:
         c:\Program Files (x86)\Microsoft Visual Studio 10.0\VC\bin\link.exe /ERRORREPORT:PROMPT /OUT:"E:\FSC\S13\BCS 230\Homeworks\Programs\5new\Debug\5new.exe" /INCREMENTAL /NOLOGO /LIBPATH:"E:\FSC\S13\BCS 230\Homeworks\Programs\Car\Debug" Car.lib kernel32.lib user32.lib gdi32.lib winspool.lib comdlg32.lib advapi32.lib shell32.lib ole32.lib oleaut32.lib uuid.lib odbc32.lib odbccp32.lib kernel32.lib user32.lib gdi32.lib winspool.lib comdlg32.lib advapi32.lib shell32.lib ole32.lib oleaut32.lib uuid.lib odbc32.lib odbccp32.lib /MANIFEST /ManifestFile:"Debug\5new.exe.intermediate.manifest" /MANIFESTUAC:"level='asInvoker' uiAccess='false'" /DEBUG /PDB:"E:\FSC\S13\BCS 230\Homeworks\Programs\5new\Debug\5new.pdb" /SUBSYSTEM:CONSOLE /TLBID:1 /DYNAMICBASE /NXCOMPAT /IMPLIB:"E:\FSC\S13\BCS 230\Homeworks\Programs\5new\Debug\5new.lib" /MACHINE:X86 Debug\5new.exe.embed.manifest.res
         Debug\Main.obj
         Debug\stdafx.obj
       Manifest:
         c:\Program Files (x86)\Microsoft SDKs\Windows\v7.0A\bin\mt.exe /nologo /verbose /out:"Debug\5new.exe.embed.manifest" /manifest Debug\5new.exe.intermediate.manifest
         All outputs are up-to-date.
       LinkEmbedManifest:
         All outputs are up-to-date.
         5new.vcxproj -> E:\FSC\S13\BCS 230\Homeworks\Programs\5new\Debug\5new.exe
       FinalizeBuildStatus:
         Deleting file "Debug\5new.unsuccessfulbuild".
         Touching "Debug\5new.lastbuildstate".
     1>Done Building Project "E:\FSC\S13\BCS 230\Homeworks\Programs\5new\5new\5new.vcxproj" (build target(s)).

Build succeeded.

Time Elapsed 00:00:06.98
